2023-11-09 21:30:57,444 INFO Main [main] Начало скачек. Количество участников: 7
2023-11-09 21:30:58,286 INFO Main [main] Окончание скачек. Победитель: Pegasus
2023-11-09 21:48:12,689 DEBUG Hippodrome [main] Создание Hippodrome, лошадей 7
2023-11-09 21:48:12,692 INFO Main [main] Начало скачек. Количество участников: 7
2023-11-09 21:48:13,530 INFO Main [main] Окончание скачек. Победитель: Bucephalus
2023-11-09 21:48:52,888 DEBUG Hippodrome Создание Hippodrome, лошадей 7
2023-11-09 21:48:52,895 INFO Main Начало скачек. Количество участников: 7
2023-11-09 21:48:53,740 INFO Main Окончание скачек. Победитель: Pegasus
2023-11-09 21:50:17,943 DEBUG Hippodrome: Создание Hippodrome, лошадей 7
2023-11-09 21:50:17,946 INFO Main: Начало скачек. Количество участников: 7
2023-11-09 21:50:18,787 INFO Main: Окончание скачек. Победитель: Blaze
2023-11-09 21:55:49,846 DEBUG Horse: Создание Horse, имя Bucephalus, скорость 2,400000
2023-11-09 21:55:49,849 DEBUG Horse: Создание Horse, имя Ace of Spades, скорость 2,500000
2023-11-09 21:55:49,850 DEBUG Horse: Создание Horse, имя Zephyr, скорость 2,600000
2023-11-09 21:55:49,850 DEBUG Horse: Создание Horse, имя Blaze, скорость 2,700000
2023-11-09 21:55:49,850 DEBUG Horse: Создание Horse, имя Lobster, скорость 2,800000
2023-11-09 21:55:49,851 DEBUG Horse: Создание Horse, имя Pegasus, скорость 2,900000
2023-11-09 21:55:49,851 DEBUG Horse: Создание Horse, имя Cherry, скорость 3,000000
2023-11-09 21:55:49,854 DEBUG Hippodrome: Создание Hippodrome, лошадей 7
2023-11-09 21:55:49,854 INFO Main: Начало скачек. Количество участников: 7
2023-11-09 21:55:50,685 INFO Main: Окончание скачек. Победитель: Zephyr
2023-11-09 21:56:58,751 DEBUG Horse: Создание Horse, имя [Bucephalus], скорость [2,400000]
2023-11-09 21:56:58,757 DEBUG Horse: Создание Horse, имя [Ace of Spades], скорость [2,500000]
2023-11-09 21:56:58,758 DEBUG Horse: Создание Horse, имя [Zephyr], скорость [2,600000]
2023-11-09 21:56:58,758 DEBUG Horse: Создание Horse, имя [Blaze], скорость [2,700000]
2023-11-09 21:56:58,759 DEBUG Horse: Создание Horse, имя [Lobster], скорость [2,800000]
2023-11-09 21:56:58,760 DEBUG Horse: Создание Horse, имя [Pegasus], скорость [2,900000]
2023-11-09 21:56:58,761 DEBUG Horse: Создание Horse, имя [Cherry], скорость [3,000000]
2023-11-09 21:56:58,763 DEBUG Hippodrome: Создание Hippodrome, лошадей 7
2023-11-09 21:56:58,764 INFO Main: Начало скачек. Количество участников: 7
2023-11-09 21:56:59,593 INFO Main: Окончание скачек. Победитель: Ace of Spades
2023-11-09 22:06:10,516 DEBUG Horse: Создание Horse, имя [Bucephalus], скорость [2,400000]
2023-11-09 22:06:10,520 DEBUG Horse: Создание Horse, имя [Ace of Spades], скорость [2,500000]
2023-11-09 22:06:10,521 DEBUG Horse: Создание Horse, имя [Zephyr], скорость [2,600000]
2023-11-09 22:06:10,522 DEBUG Horse: Создание Horse, имя [Blaze], скорость [2,700000]
2023-11-09 22:06:10,522 DEBUG Horse: Создание Horse, имя [Lobster], скорость [2,800000]
2023-11-09 22:06:10,523 DEBUG Horse: Создание Horse, имя [Pegasus], скорость [2,900000]
2023-11-09 22:06:10,523 DEBUG Horse: Создание Horse, имя [Cherry], скорость [3,000000]
2023-11-09 22:06:10,536 DEBUG Hippodrome: Создание Hippodrome, лошадей 7
2023-11-09 22:06:10,537 INFO Main: Начало скачек. Количество участников: 7
2023-11-09 22:06:11,367 INFO Main: Окончание скачек. Победитель: Cherry
